Started by user [8mha:////4OaAX53dyIVU65enHH35E/DrqQo6dTQbSu+/WJH4EiMEAAAAlR+LCAAAAAAAAP9b85aBtbiIQTGjNKU4P08vOT+vOD8nVc83PyU1x6OyILUoJzMv2y+/JJUBAhiZGBgqihhk0NSjKDWzXb3RdlLBUSYGJk8GtpzUvPSSDB8G5tKinBIGIZ+sxLJE/ZzEvHT94JKizLx0a6BxUmjGOUNodHsLgAzmEgZO/dLi1CL9xKRkAGDVhlq+AAAA[0mabc
Running as SYSTEM
Building remotely on [8mha:////4GCxtmP0CPfy2ylIyqGICDSLApgV4MLFkifV/fK34je4AAAAnB+LCAAAAAAAAP9b85aBtbiIQTGjNKU4P08vOT+vOD8nVc83PyU1x6OyILUoJzMv2y+/JJUBAhiZGBgqihhk0NSjKDWzXb3RdlLBUSYGJk8GtpzUvPSSDB8G5tKinBIGIZ+sxLJE/ZzEvHT94JKizLx0a6BxUmjGOUNodHsLgAy2EgYB/eT83ILSktQi/eKcxLJUIwCCp2lrxQAAAA==[0mslave2 in workspace /opt/jenkins/workspace/java-project
The recommended git tool is: NONE
No credentials specified
Cloning the remote Git repository
Cloning repository https://github.com/ba1997/example-java.git
 > git init /opt/jenkins/workspace/java-project # timeout=10
Fetching upstream changes from https://github.com/ba1997/example-java.git
 > git --version # timeout=10
 > git --version # 'git version 2.27.0'
 > git fetch --tags --force --progress -- https://github.com/ba1997/example-java.git +refs/heads/*:refs/remotes/origin/* # timeout=10
 > git config remote.origin.url https://github.com/ba1997/example-java.git # timeout=10
 > git config --add remote.origin.fetch +refs/heads/*:refs/remotes/origin/* # timeout=10
Avoid second fetch
 > git rev-parse refs/remotes/origin/master^{commit} # timeout=10
Checking out Revision b77ae8c42e51988a6d3abd92cc9dec061c244407 (refs/remotes/origin/master)
 > git config core.sparsecheckout # timeout=10
 > git checkout -f b77ae8c42e51988a6d3abd92cc9dec061c244407 # timeout=10
Commit message: "Merge pull request #36 from codecov/dependabot/maven/junit-junit-4.13.2"
First time build. Skipping changelog.
[java-project] $ /bin/sh -xe /tmp/jenkins8843372132145120549.sh
+ cd /opt/jenkins/workspace/java-project
+ mvn
[INFO] Scanning for projects...
[INFO] ------------------------------------------------------------------------
[INFO] BUILD FAILURE
[INFO] ------------------------------------------------------------------------
[INFO] Total time: 0.262 s
[INFO] Finished at: 2022-02-28T00:26:45Z
[INFO] ------------------------------------------------------------------------
[ERROR] No goals have been specified for this build. You must specify a valid lifecycle phase or a goal in the format <plugin-prefix>:<goal> or <plugin-group-id>:<plugin-artifact-id>[:<plugin-version>]:<goal>. Available lifecycle phases are: validate, initialize, generate-sources, process-sources, generate-resources, process-resources, compile, process-classes, generate-test-sources, process-test-sources, generate-test-resources, process-test-resources, test-compile, process-test-classes, test, prepare-package, package, pre-integration-test, integration-test, post-integration-test, verify, install, deploy, pre-clean, clean, post-clean, pre-site, site, post-site, site-deploy. -> [Help 1]
[ERROR] 
[ERROR] To see the full stack trace of the errors, re-run Maven with the -e switch.
[ERROR] Re-run Maven using the -X switch to enable full debug logging.
[ERROR] 
[ERROR] For more information about the errors and possible solutions, please read the following articles:
[ERROR] [Help 1] http://cwiki.apache.org/confluence/display/MAVEN/NoGoalSpecifiedException
Build step 'Execute shell' marked build as failure
Finished: FAILURE
